Unity Editor version:    2021.3.8f1 (b30333d56e81)
Branch:                  2021.3/staging
Build type:              Release
Batch mode:              YES
macOS version:           Version 12.5.1 (Build 21G83)
Darwin version:          21.6.0
Architecture:            x86_64
Running under Rosetta:   NO
Available memory:        8192 MB
Using pre-set license
Pro License: YES

COMMAND LINE ARGUMENTS:
/Applications/Unity/Hub/Editor/2021.3.8f1/Unity.app/Contents/MacOS/Unity
-adb2
-batchMode
-noUpm
-name
AssetImportWorker0
-projectPath
/Users/arairyou/Desktop/LapLab/LapLab
-logFile
Logs/AssetImportWorker0.log
-srvPort
60483
Successfully changed project path to: /Users/arairyou/Desktop/LapLab/LapLab
/Users/arairyou/Desktop/LapLab/LapLab
[UnityMemory] Configuration Parameters - Can be set up in boot.config
    "memorysetup-bucket-allocator-granularity=16"
    "memorysetup-bucket-allocator-bucket-count=8"
    "memorysetup-bucket-allocator-block-size=33554432"
    "memorysetup-bucket-allocator-block-count=8"
    "memorysetup-main-allocator-block-size=16777216"
    "memorysetup-thread-allocator-block-size=16777216"
    "memorysetup-gfx-main-allocator-block-size=16777216"
    "memorysetup-gfx-thread-allocator-block-size=16777216"
    "memorysetup-cache-allocator-block-size=4194304"
    "memorysetup-typetree-allocator-block-size=2097152"
    "memorysetup-profiler-bucket-allocator-granularity=16"
    "memorysetup-profiler-bucket-allocator-bucket-count=8"
    "memorysetup-profiler-bucket-allocator-block-size=33554432"
    "memorysetup-profiler-bucket-allocator-block-count=8"
    "memorysetup-profiler-allocator-block-size=16777216"
    "memorysetup-profiler-editor-allocator-block-size=1048576"
    "memorysetup-temp-allocator-size-main=16777216"
    "memorysetup-job-temp-allocator-block-size=2097152"
    "memorysetup-job-temp-allocator-block-size-background=1048576"
    "memorysetup-job-temp-allocator-reduction-small-platforms=262144"
    "memorysetup-temp-allocator-size-background-worker=32768"
    "memorysetup-temp-allocator-size-job-worker=262144"
    "memorysetup-temp-allocator-size-preload-manager=33554432"
    "memorysetup-temp-allocator-size-nav-mesh-worker=65536"
    "memorysetup-temp-allocator-size-audio-worker=65536"
    "memorysetup-temp-allocator-size-cloud-worker=32768"
    "memorysetup-temp-allocator-size-gi-baking-worker=262144"
    "memorysetup-temp-allocator-size-gfx=262144"
Refreshing native plugins compatible for Editor in 143.56 ms, found 3 plugins.
Preloading 0 native plugins for Editor in 0.00 ms.
Initialize engine version: 2021.3.8f1 (b30333d56e81)
[Subsystems] Discovering subsystems at path /Applications/Unity/Hub/Editor/2021.3.8f1/Unity.app/Contents/Resources/UnitySubsystems
[Subsystems] Discovering subsystems at path /Users/arairyou/Desktop/LapLab/LapLab/Assets
GfxDevice: creating device client; threaded=0; jobified=0
Color LCD preferred device: Intel(R) Iris(TM) Plus Graphics 645 (low power)
Metal devices available: 1
0: Intel(R) Iris(TM) Plus Graphics 645 (low power)
Using device Intel(R) Iris(TM) Plus Graphics 645 (low power)
Initializing Metal device caps: Intel(R) Iris(TM) Plus Graphics 645
Initialize mono
Mono path[0] = '/Applications/Unity/Hub/Editor/2021.3.8f1/Unity.app/Contents/Managed'
Mono path[1] = '/Applications/Unity/Hub/Editor/2021.3.8f1/Unity.app/Contents/MonoBleedingEdge/lib/mono/unityjit-macos'
Mono config path = '/Applications/Unity/Hub/Editor/2021.3.8f1/Unity.app/Contents/MonoBleedingEdge/etc'
Using monoOptions --debugger-agent=transport=dt_socket,embedding=1,server=y,suspend=n,address=127.0.0.1:56723
Begin MonoManager ReloadAssembly
Registering precompiled unity dll's ...
Register platform support module: /Applications/Unity/Hub/Editor/2021.3.8f1/PlaybackEngines/WebGLSupport/UnityEditor.WebGL.Extensions.dll
Register platform support module: /Applications/Unity/Hub/Editor/2021.3.8f1/Unity.app/Contents/PlaybackEngines/MacStandaloneSupport/UnityEditor.OSXStandalone.Extensions.dll
Registered in 0.002420 seconds.
Native extension for OSXStandalone target not found
Native extension for WebGL target not found
Refreshing native plugins compatible for Editor in 140.08 ms, found 3 plugins.
Preloading 0 native plugins for Editor in 0.00 ms.
Mono: successfully reloaded assembly
- Completed reload, in  0.973 seconds
Domain Reload Profiling:
	ReloadAssembly (974ms)
		BeginReloadAssembly (124ms)
			ExecutionOrderSort (0ms)
			DisableScriptedObjects (0ms)
			BackupInstance (0ms)
			ReleaseScriptingObjects (0ms)
			CreateAndSetChildDomain (1ms)
		EndReloadAssembly (681ms)
			LoadAssemblies (125ms)
			RebuildTransferFunctionScriptingTraits (0ms)
			SetupTypeCache (157ms)
			ReleaseScriptCaches (0ms)
			RebuildScriptCaches (44ms)
			SetupLoadedEditorAssemblies (412ms)
				LogAssemblyErrors (0ms)
				InitializePlatformSupportModulesInManaged (10ms)
				SetLoadedEditorAssemblies (0ms)
				RefreshPlugins (140ms)
				BeforeProcessingInitializeOnLoad (1ms)
				ProcessInitializeOnLoadAttributes (200ms)
				ProcessInitializeOnLoadMethodAttributes (60ms)
				AfterProcessingInitializeOnLoad (0ms)
				EditorAssembliesLoaded (0ms)
			ExecutionOrderSort2 (0ms)
			AwakeInstancesAfterBackupRestoration (0ms)
Platform modules already initialized, skipping
Registering precompiled user dll's ...
Registered in 0.010118 seconds.
Begin MonoManager ReloadAssembly
Symbol file LoadedFromMemory doesn't match image /Users/arairyou/Desktop/LapLab/LapLab/Library/PackageCache/com.unity.visualscripting@1.7.8/Editor/VisualScripting.Core/Dependencies/YamlDotNet/Unity.VisualScripting.YamlDotNet.dll
Symbol file LoadedFromMemory doesn't match image /Users/arairyou/Desktop/LapLab/LapLab/Library/PackageCache/com.unity.visualscripting@1.7.8/Editor/VisualScripting.Core/Dependencies/DotNetZip/Unity.VisualScripting.IonicZip.dll
Native extension for OSXStandalone target not found
Native extension for WebGL target not found
Refreshing native plugins compatible for Editor in 130.14 ms, found 3 plugins.
Preloading 0 native plugins for Editor in 0.00 ms.
Mono: successfully reloaded assembly
- Completed reload, in  1.597 seconds
Domain Reload Profiling:
	ReloadAssembly (1598ms)
		BeginReloadAssembly (154ms)
			ExecutionOrderSort (0ms)
			DisableScriptedObjects (11ms)
			BackupInstance (0ms)
			ReleaseScriptingObjects (0ms)
			CreateAndSetChildDomain (37ms)
		EndReloadAssembly (1272ms)
			LoadAssemblies (149ms)
			RebuildTransferFunctionScriptingTraits (0ms)
			SetupTypeCache (343ms)
			ReleaseScriptCaches (2ms)
			RebuildScriptCaches (81ms)
			SetupLoadedEditorAssemblies (634ms)
				LogAssemblyErrors (0ms)
				InitializePlatformSupportModulesInManaged (5ms)
				SetLoadedEditorAssemblies (0ms)
				RefreshPlugins (130ms)
				BeforeProcessingInitializeOnLoad (123ms)
				ProcessInitializeOnLoadAttributes (319ms)
				ProcessInitializeOnLoadMethodAttributes (55ms)
				AfterProcessingInitializeOnLoad (1ms)
				EditorAssembliesLoaded (0ms)
			ExecutionOrderSort2 (0ms)
			AwakeInstancesAfterBackupRestoration (5ms)
Platform modules already initialized, skipping
========================================================================
Worker process is ready to serve import requests
Launching external process: /Applications/Unity/Hub/Editor/2021.3.8f1/Unity.app/Contents/Tools/UnityShaderCompiler
Launched and connected shader compiler UnityShaderCompiler after 0.07 seconds
Refreshing native plugins compatible for Editor in 1.07 ms, found 3 plugins.
Preloading 0 native plugins for Editor in 0.00 ms.
Unloading 4071 Unused Serialized files (Serialized files now loaded: 0)
Unloading 39 unused Assets / (72.4 KB). Loaded Objects now: 4527.
Memory consumption went from 268.1 MB to 268.1 MB.
Total: 4.371769 ms (FindLiveObjects: 0.358684 ms CreateObjectMapping: 0.238380 ms MarkObjects: 3.640756 ms  DeleteObjects: 0.132977 ms)

AssetImportParameters requested are different than current active one (requested -> active):
  custom:video-decoder-ogg-theora: a1e56fd34408186e4bbccfd4996cb3dc -> 
  custom:container-muxer-webm: aa71ff27fc2769a1b78a27578f13a17b -> 
  custom:container-demuxer-webm: 4f35f7cbe854078d1ac9338744f61a02 -> 
  custom:video-encoder-webm-vp8: eb34c28f22e8b96e1ab97ce403110664 -> 
  custom:framework-osx-AVFoundation: e770b220cccbd017edd2c1fefb359320 -> 
  custom:audio-encoder-webm-vorbis: bf7c407c2cedff20999df2af8eb42d56 -> 
  custom:container-demuxer-ogg: 62fdf1f143b41e24485cea50d1cbac27 -> 
  custom:video-decoder-webm-vp8: 9c59270c3fd7afecdb556c50c9e8de78 -> 
  custom:audio-decoder-ogg-vorbis: bf7c407c2cedff20999df2af8eb42d56 -> 
========================================================================
Received Import Request.
  Time since last request: 171715.691459 seconds.
  path: Assets/Scenes/images/vanilla.png
  artifactKey: Guid(9d05662bbd348401180db6e8c67e4c25) Importer(2089858483,0ecaa5967403d082aa24f35e1b516d23)
Start importing Assets/Scenes/images/vanilla.png using Guid(9d05662bbd348401180db6e8c67e4c25) Importer(2089858483,0ecaa5967403d082aa24f35e1b516d23)  -> (artifact id: '86a243f5ac091bc145af093fd4fb44dc') in 1.004694 seconds 
========================================================================
Received Import Request.
  Time since last request: 0.000097 seconds.
  path: Assets/Scenes/images/吹き出し.png
  artifactKey: Guid(069378195f51f47798f990864882e182) Importer(2089858483,0ecaa5967403d082aa24f35e1b516d23)
Start importing Assets/Scenes/images/吹き出し.png using Guid(069378195f51f47798f990864882e182) Importer(2089858483,0ecaa5967403d082aa24f35e1b516d23)  -> (artifact id: '231e56b5340f7ad45dcc4b6daab30767') in 0.018264 seconds 
========================================================================
Received Import Request.
  Time since last request: 0.000079 seconds.
  path: Assets/Scenes/SampleScene.unity
  artifactKey: Guid(7c25f8d40029c41f5902b6969c2a2586) Importer(2089858483,0ecaa5967403d082aa24f35e1b516d23)
Start importing Assets/Scenes/SampleScene.unity using Guid(7c25f8d40029c41f5902b6969c2a2586) Importer(2089858483,0ecaa5967403d082aa24f35e1b516d23)  -> (artifact id: 'a66372b8a581187bd0c9bea2c6889712') in 0.003990 seconds 
========================================================================
Received Import Request.
  Time since last request: 0.000060 seconds.
  path: Assets/Scenes/Flag.cs
  artifactKey: Guid(a81f917ec71eb4b3c8ced398625bd3ff) Importer(2089858483,0ecaa5967403d082aa24f35e1b516d23)
Start importing Assets/Scenes/Flag.cs using Guid(a81f917ec71eb4b3c8ced398625bd3ff) Importer(2089858483,0ecaa5967403d082aa24f35e1b516d23)  -> (artifact id: '04201a11a73cd625fb53da07da4e3492') in 0.799999 seconds 
========================================================================
Received Import Request.
  Time since last request: 0.000088 seconds.
  path: Assets/Scenes/images/apple.psd
  artifactKey: Guid(c445e3861e5fc4f01bc494ff30491e7e) Importer(2089858483,0ecaa5967403d082aa24f35e1b516d23)
Start importing Assets/Scenes/images/apple.psd using Guid(c445e3861e5fc4f01bc494ff30491e7e) Importer(2089858483,0ecaa5967403d082aa24f35e1b516d23)  -> (artifact id: '26cffb2bd0f787d97976b88b9bfe2552') in 0.233425 seconds 
========================================================================
Received Import Request.
  Time since last request: 19.159006 seconds.
  path: Assets/scene1.unity
  artifactKey: Guid(0054d3d9c194a46fa94d451219b57450) Importer(815301076,1909f56bfc062723c751e8b465ee728b)
Start importing Assets/scene1.unity using Guid(0054d3d9c194a46fa94d451219b57450) Importer(815301076,1909f56bfc062723c751e8b465ee728b)  -> (artifact id: 'a8aa62eefc6786eab67174d66bd8860f') in 0.012800 seconds 
========================================================================
Received Import Request.
  Time since last request: 1.082416 seconds.
  path: Assets/battle.unity
  artifactKey: Guid(2dfc203e9110c43b9976b73bfe7bb885) Importer(815301076,1909f56bfc062723c751e8b465ee728b)
Start importing Assets/battle.unity using Guid(2dfc203e9110c43b9976b73bfe7bb885) Importer(815301076,1909f56bfc062723c751e8b465ee728b)  -> (artifact id: '66fd5a1886106d4f07188ec5dcebbdcd') in 0.000993 seconds 
========================================================================
Received Prepare
Refreshing native plugins compatible for Editor in 17.71 ms, found 3 plugins.
Preloading 0 native plugins for Editor in 0.00 ms.
Unloading 26 Unused Serialized files (Serialized files now loaded: 0)
Unloading 26 unused Assets / (48.9 KB). Loaded Objects now: 4527.
Memory consumption went from 200.9 MB to 200.8 MB.
Total: 109.453060 ms (FindLiveObjects: 1.948664 ms CreateObjectMapping: 0.405635 ms MarkObjects: 106.566767 ms  DeleteObjects: 0.529681 ms)

AssetImportParameters requested are different than current active one (requested -> active):
  custom:video-decoder-ogg-theora: a1e56fd34408186e4bbccfd4996cb3dc -> 
  custom:container-muxer-webm: aa71ff27fc2769a1b78a27578f13a17b -> 
  custom:container-demuxer-webm: 4f35f7cbe854078d1ac9338744f61a02 -> 
  custom:video-encoder-webm-vp8: eb34c28f22e8b96e1ab97ce403110664 -> 
  custom:framework-osx-AVFoundation: e770b220cccbd017edd2c1fefb359320 -> 
  custom:audio-encoder-webm-vorbis: bf7c407c2cedff20999df2af8eb42d56 -> 
  custom:SearchIndexIgnoredProperties: e643bd26f0fe6173181afceb89e7c659 -> 
  custom:container-demuxer-ogg: 62fdf1f143b41e24485cea50d1cbac27 -> 
  custom:video-decoder-webm-vp8: 9c59270c3fd7afecdb556c50c9e8de78 -> 
  custom:audio-decoder-ogg-vorbis: bf7c407c2cedff20999df2af8eb42d56 -> 
========================================================================
Received Import Request.
  Time since last request: 1474.843766 seconds.
  path: Assets/New Material.mat
  artifactKey: Guid(19b162598742f4df6ae92617b3ff8804) Importer(815301076,1909f56bfc062723c751e8b465ee728b)
Start importing Assets/New Material.mat using Guid(19b162598742f4df6ae92617b3ff8804) Importer(815301076,1909f56bfc062723c751e8b465ee728b)  -> (artifact id: 'c6fbc41436a54151890c56d1123a24eb') in 2.891194 seconds 
========================================================================
Received Import Request.
  Time since last request: 708.518135 seconds.
  path: Assets/New Material.mat
  artifactKey: Guid(19b162598742f4df6ae92617b3ff8804) Importer(815301076,1909f56bfc062723c751e8b465ee728b)
Start importing Assets/New Material.mat using Guid(19b162598742f4df6ae92617b3ff8804) Importer(815301076,1909f56bfc062723c751e8b465ee728b)  -> (artifact id: '10def6a081c861f2c8c55e5cd4ca3bde') in 0.224263 seconds 
========================================================================
Received Import Request.
  Time since last request: 0.096533 seconds.
  path: Assets/New Material.mat
  artifactKey: Guid(19b162598742f4df6ae92617b3ff8804) Importer(2089858483,0ecaa5967403d082aa24f35e1b516d23)
Start importing Assets/New Material.mat using Guid(19b162598742f4df6ae92617b3ff8804) Importer(2089858483,0ecaa5967403d082aa24f35e1b516d23)  -> (artifact id: 'e115db5ff05a4790c7a9a638c7da0d19') in 0.163887 seconds 
========================================================================
Received Import Request.
  Time since last request: 21.123124 seconds.
  path: Assets/battle.unity
  artifactKey: Guid(2dfc203e9110c43b9976b73bfe7bb885) Importer(815301076,1909f56bfc062723c751e8b465ee728b)
Start importing Assets/battle.unity using Guid(2dfc203e9110c43b9976b73bfe7bb885) Importer(815301076,1909f56bfc062723c751e8b465ee728b)  -> (artifact id: '2b7ea08f8452fd53f904717a2df4b593') in 0.002926 seconds 
========================================================================
Received Import Request.
  Time since last request: 7.813110 seconds.
  path: Assets/Scenes/battle.unity
  artifactKey: Guid(2dfc203e9110c43b9976b73bfe7bb885) Importer(2089858483,0ecaa5967403d082aa24f35e1b516d23)
Start importing Assets/Scenes/battle.unity using Guid(2dfc203e9110c43b9976b73bfe7bb885) Importer(2089858483,0ecaa5967403d082aa24f35e1b516d23)  -> (artifact id: 'e5becd8f92dc11c7d3cc6b5016734389') in 0.016389 seconds 
========================================================================
Received Import Request.
  Time since last request: 1.464236 seconds.
  path: Assets/Scenes/scene1.unity
  artifactKey: Guid(0054d3d9c194a46fa94d451219b57450) Importer(2089858483,0ecaa5967403d082aa24f35e1b516d23)
Start importing Assets/Scenes/scene1.unity using Guid(0054d3d9c194a46fa94d451219b57450) Importer(2089858483,0ecaa5967403d082aa24f35e1b516d23)  -> (artifact id: '681394a498278992c104f10e29e9569e') in 0.011317 seconds 
========================================================================
Received Import Request.
  Time since last request: 1.303414 seconds.
  path: Assets/Scenes/New Material.mat
  artifactKey: Guid(19b162598742f4df6ae92617b3ff8804) Importer(2089858483,0ecaa5967403d082aa24f35e1b516d23)
Start importing Assets/Scenes/New Material.mat using Guid(19b162598742f4df6ae92617b3ff8804) Importer(2089858483,0ecaa5967403d082aa24f35e1b516d23)  -> (artifact id: '264140f23e9b96c4f92d41924e49473f') in 0.025632 seconds 
========================================================================
Received Import Request.
  Time since last request: 280.947468 seconds.
  path: Assets/StreamingAssets
  artifactKey: Guid(f5142340e17d04f2ca6e455d2e03953c) Importer(2089858483,0ecaa5967403d082aa24f35e1b516d23)
Start importing Assets/StreamingAssets using Guid(f5142340e17d04f2ca6e455d2e03953c) Importer(2089858483,0ecaa5967403d082aa24f35e1b516d23)  -> (artifact id: '00000000000000000000000000000000') in 0.041321 seconds  code(4) message(Build asset version error: assets/streamingassets.meta in SourceAssetDB has modification time of '2022-09-09T03:16:43Z' while content on disk has modification time of '0001-01-01T00:00:00Z')
  ERROR: Build asset version error: assets/streamingassets.meta in SourceAssetDB has modification time of '2022-09-09T03:16:43Z' while content on disk has modification time of '0001-01-01T00:00:00Z'
